<?xml version="1.0" encoding="UTF-8"?>
<testsuite name="JUnit Jupiter" tests="10" skipped="0" failures="0" errors="0" time="0.416" hostname="users-MacBook-Pro.local" timestamp="2021-10-26T17:21:42">
<properties>
<property name="file.encoding" value="UTF-8"/>
<property name="file.separator" value="/"/>
<property name="ftp.nonProxyHosts" value="local|*.local|169.254/16|*.169.254/16"/>
<property name="http.nonProxyHosts" value="local|*.local|169.254/16|*.169.254/16"/>
<property name="java.class.path" value="../lib/junit-platform-console-standalone-1.8.1.jar"/>
<property name="java.class.version" value="60.0"/>
<property name="java.home" value="/Users/user/Library/Java/JavaVirtualMachines/openjdk-16/Contents/Home"/>
<property name="java.io.tmpdir" value="/var/folders/ck/22wqyqs932n55hyx9s6jccqw0000gn/T/"/>
<property name="java.library.path" value="/Users/user/Library/Java/Extensions:/Library/Java/Extensions:/Network/Library/Java/Extensions:/System/Library/Java/Extensions:/usr/lib/java:."/>
<property name="java.runtime.name" value="OpenJDK Runtime Environment"/>
<property name="java.runtime.version" value="16+36-2231"/>
<property name="java.specification.name" value="Java Platform API Specification"/>
<property name="java.specification.vendor" value="Oracle Corporation"/>
<property name="java.specification.version" value="16"/>
<property name="java.vendor" value="Oracle Corporation"/>
<property name="java.vendor.url" value="https://java.oracle.com/"/>
<property name="java.vendor.url.bug" value="https://bugreport.java.com/bugreport/"/>
<property name="java.version" value="16"/>
<property name="java.version.date" value="2021-03-16"/>
<property name="java.vm.compressedOopsMode" value="Zero based"/>
<property name="java.vm.info" value="mixed mode, sharing"/>
<property name="java.vm.name" value="OpenJDK 64-Bit Server VM"/>
<property name="java.vm.specification.name" value="Java Virtual Machine Specification"/>
<property name="java.vm.specification.vendor" value="Oracle Corporation"/>
<property name="java.vm.specification.version" value="16"/>
<property name="java.vm.vendor" value="Oracle Corporation"/>
<property name="java.vm.version" value="16+36-2231"/>
<property name="jdk.debug" value="release"/>
<property name="line.separator" value="
"/>
<property name="os.arch" value="x86_64"/>
<property name="os.name" value="Mac OS X"/>
<property name="os.version" value="10.15.7"/>
<property name="path.separator" value=":"/>
<property name="socksNonProxyHosts" value="local|*.local|169.254/16|*.169.254/16"/>
<property name="sun.arch.data.model" value="64"/>
<property name="sun.boot.library.path" value="/Users/user/Library/Java/JavaVirtualMachines/openjdk-16/Contents/Home/lib"/>
<property name="sun.cpu.endian" value="little"/>
<property name="sun.io.unicode.encoding" value="UnicodeBig"/>
<property name="sun.java.command" value="../lib/junit-platform-console-standalone-1.8.1.jar --classpath . --fail-if-no-tests --include-engine=junit-jupiter --include-classname=.*Test.* --scan-classpath --reports-dir=reports"/>
<property name="sun.java.launcher" value="SUN_STANDARD"/>
<property name="sun.jnu.encoding" value="UTF-8"/>
<property name="sun.management.compiler" value="HotSpot 64-Bit Tiered Compilers"/>
<property name="user.country" value="DE"/>
<property name="user.dir" value="/Users/user/Documents/GitHub/SE01/src"/>
<property name="user.home" value="/Users/user"/>
<property name="user.language" value="de"/>
<property name="user.name" value="user"/>
<property name="user.timezone" value="Europe/Berlin"/>
</properties>
<testcase name="exceptionTest()" classname="org.hbrs.se.ws21.uebung2.test.ContainerTest" time="0.009">
<system-out><![CDATA[
unique-id: [engine:junit-jupiter]/[class:org.hbrs.se.ws21.uebung2.test.ContainerTest]/[method:exceptionTest()]
display-name: exceptionTest()
]]></system-out>
</testcase>
<testcase name="nullUebersetzen()" classname="org.hbrs.se.ws21.uebung1.test.GermanTranslatorTest" time="0.004">
<system-out><![CDATA[
unique-id: [engine:junit-jupiter]/[class:org.hbrs.se.ws21.uebung1.test.GermanTranslatorTest]/[method:nullUebersetzen()]
display-name: nullUebersetzen()
]]></system-out>
</testcase>
<testcase name="zahlenGross()" classname="org.hbrs.se.ws21.uebung1.test.GermanTranslatorTest" time="0.003">
<system-out><![CDATA[
unique-id: [engine:junit-jupiter]/[class:org.hbrs.se.ws21.uebung1.test.GermanTranslatorTest]/[method:zahlenGross()]
display-name: zahlenGross()
]]></system-out>
</testcase>
<testcase name="noStrategy()" classname="org.hbrs.se.ws21.uebung3.test.ContainerTest" time="0.012">
<system-out><![CDATA[
unique-id: [engine:junit-jupiter]/[class:org.hbrs.se.ws21.uebung3.test.ContainerTest]/[method:noStrategy()]
display-name: noStrategy()
]]></system-out>
</testcase>
<testcase name="wrongLocation()" classname="org.hbrs.se.ws21.uebung3.test.ContainerTest" time="0.003">
<system-out><![CDATA[
unique-id: [engine:junit-jupiter]/[class:org.hbrs.se.ws21.uebung3.test.ContainerTest]/[method:wrongLocation()]
display-name: wrongLocation()
]]></system-out>
</testcase>
<testcase name="mongoDBTest()" classname="org.hbrs.se.ws21.uebung3.test.ContainerTest" time="0.002">
<system-out><![CDATA[
unique-id: [engine:junit-jupiter]/[class:org.hbrs.se.ws21.uebung3.test.ContainerTest]/[method:mongoDBTest()]
display-name: mongoDBTest()
]]></system-out>
</testcase>
<testcase name="zahlenPositiv()" classname="org.hbrs.se.ws21.uebung1.test.GermanTranslatorTest" time="0.096">
<system-out><![CDATA[
unique-id: [engine:junit-jupiter]/[class:org.hbrs.se.ws21.uebung1.test.GermanTranslatorTest]/[method:zahlenPositiv()]
display-name: zahlenPositiv()
]]></system-out>
</testcase>
<testcase name="einspeichernTest()" classname="org.hbrs.se.ws21.uebung3.test.ContainerTest" time="0.12">
<system-out><![CDATA[
unique-id: [engine:junit-jupiter]/[class:org.hbrs.se.ws21.uebung3.test.ContainerTest]/[method:einspeichernTest()]
display-name: einspeichernTest()
]]></system-out>
</testcase>
<testcase name="zahlenNegativ()" classname="org.hbrs.se.ws21.uebung1.test.GermanTranslatorTest" time="0.01">
<system-out><![CDATA[
unique-id: [engine:junit-jupiter]/[class:org.hbrs.se.ws21.uebung1.test.GermanTranslatorTest]/[method:zahlenNegativ()]
display-name: zahlenNegativ()
]]></system-out>
</testcase>
<testcase name="einlesenTest()" classname="org.hbrs.se.ws21.uebung2.test.ContainerTest" time="0.008">
<system-out><![CDATA[
unique-id: [engine:junit-jupiter]/[class:org.hbrs.se.ws21.uebung2.test.ContainerTest]/[method:einlesenTest()]
display-name: einlesenTest()
]]></system-out>
</testcase>
<system-out><![CDATA[
unique-id: [engine:junit-jupiter]
display-name: JUnit Jupiter
]]></system-out>
</testsuite>
